2018-11-11 03:04:06,158 INFO  [Log] Loading Property File 
2018-11-11 03:04:06,205 INFO  [Log] Loading Property File 
2018-11-11 03:04:06,226 INFO  [Log] Loading Property File 
2018-11-11 03:04:06,245 INFO  [Log] Loading Property File 
2018-11-11 03:04:06,260 INFO  [Log] Loading Property File 
2018-11-11 03:04:06,278 INFO  [Log] Loading Property File 
2018-11-11 03:04:06,298 INFO  [Log] Opening Browser 
2018-11-11 03:04:20,056 INFO  [Log] Setting Implicit Wait=10 
2018-11-11 03:04:20,068 INFO  [Log] $$$$$$$$$$$$$$$$$$$$$              Verify whether user is able to login with Valid Username and Password     $$$$$$$$$$$$$$$$$$$$$$$$$ 
2018-11-11 03:04:20,445 INFO  [Log] Closing Browser 
2018-11-11 03:04:20,849 INFO  [Log] XXXXXXXXXXXXXXXXXXXXXXX            -E---N---D-           XXXXXXXXXXXXXXXXXXXXXX 
2018-11-11 03:04:53,621 INFO  [Log] Loading Property File 
2018-11-11 03:04:53,669 INFO  [Log] Loading Property File 
2018-11-11 03:04:53,698 INFO  [Log] Loading Property File 
2018-11-11 03:04:53,722 INFO  [Log] Loading Property File 
2018-11-11 03:04:53,744 INFO  [Log] Loading Property File 
2018-11-11 03:04:53,762 INFO  [Log] Loading Property File 
2018-11-11 03:04:53,782 INFO  [Log] Opening Browser 
2018-11-11 03:05:03,576 INFO  [Log] Setting Implicit Wait=10 
2018-11-11 03:05:03,604 INFO  [Log] $$$$$$$$$$$$$$$$$$$$$              Verify whether user is able to login with Valid Username and Password     $$$$$$$$$$$$$$$$$$$$$$$$$ 
2018-11-11 03:05:04,655 INFO  [Log] Closing Browser 
2018-11-11 03:05:05,885 INFO  [Log] XXXXXXXXXXXXXXXXXXXXXXX            -E---N---D-           XXXXXXXXXXXXXXXXXXXXXX 
2018-11-11 03:06:55,355 INFO  [Log] Loading Property File 
2018-11-11 03:06:55,395 INFO  [Log] Loading Property File 
2018-11-11 03:06:55,424 INFO  [Log] Loading Property File 
2018-11-11 03:06:55,451 INFO  [Log] Loading Property File 
2018-11-11 03:06:55,475 INFO  [Log] Loading Property File 
2018-11-11 03:06:55,492 INFO  [Log] Loading Property File 
2018-11-11 03:06:55,520 INFO  [Log] Opening Browser 
2018-11-11 03:07:04,501 INFO  [Log] Setting Implicit Wait=10 
2018-11-11 03:07:04,516 INFO  [Log] $$$$$$$$$$$$$$$$$$$$$              Verify whether user is able to login with Valid Username and Password     $$$$$$$$$$$$$$$$$$$$$$$$$ 
2018-11-11 03:07:04,901 INFO  [Log] Closing Browser 
2018-11-11 03:07:05,439 INFO  [Log] XXXXXXXXXXXXXXXXXXXXXXX            -E---N---D-           XXXXXXXXXXXXXXXXXXXXXX 
2018-11-11 03:09:14,623 INFO  [Log] Loading Property File 
2018-11-11 03:09:14,662 INFO  [Log] Loading Property File 
2018-11-11 03:09:14,700 INFO  [Log] Loading Property File 
2018-11-11 03:09:14,725 INFO  [Log] Loading Property File 
2018-11-11 03:09:14,763 INFO  [Log] Loading Property File 
2018-11-11 03:09:14,780 INFO  [Log] Loading Property File 
2018-11-11 03:09:14,799 INFO  [Log] Opening Browser 
2018-11-11 03:09:24,922 INFO  [Log] Setting Implicit Wait=10 
2018-11-11 03:09:24,940 INFO  [Log] $$$$$$$$$$$$$$$$$$$$$              Verify whether user is able to login with Valid Username and Password     $$$$$$$$$$$$$$$$$$$$$$$$$ 
2018-11-11 03:09:29,232 INFO  [Log] Closing Browser 
2018-11-11 03:09:29,708 INFO  [Log] XXXXXXXXXXXXXXXXXXXXXXX            -E---N---D-           XXXXXXXXXXXXXXXXXXXXXX 
2018-11-11 03:39:57,152 INFO  [Log] Loading Property File 
2018-11-11 03:39:57,166 INFO  [Log] Loading Property File 
2018-11-11 03:39:57,177 INFO  [Log] Loading Property File 
2018-11-11 03:39:57,187 INFO  [Log] Loading Property File 
2018-11-11 03:39:57,196 INFO  [Log] Loading Property File 
2018-11-11 03:39:57,206 INFO  [Log] Loading Property File 
2018-11-11 03:39:57,219 INFO  [Log] Opening Browser 
2018-11-11 03:40:06,337 INFO  [Log] Setting Implicit Wait=10 
2018-11-11 03:40:06,352 INFO  [Log] $$$$$$$$$$$$$$$$$$$$$              Verify whether user is able to login with Valid Username and Password     $$$$$$$$$$$$$$$$$$$$$$$$$ 
2018-11-11 03:40:06,652 INFO  [Log] Closing Browser 
2018-11-11 03:40:07,118 INFO  [Log] XXXXXXXXXXXXXXXXXXXXXXX            -E---N---D-           XXXXXXXXXXXXXXXXXXXXXX 
2018-11-11 03:41:02,279 INFO  [Log] Loading Property File 
2018-11-11 03:41:02,356 INFO  [Log] Loading Property File 
2018-11-11 03:41:02,391 INFO  [Log] Loading Property File 
2018-11-11 03:41:02,429 INFO  [Log] Loading Property File 
2018-11-11 03:41:02,465 INFO  [Log] Loading Property File 
2018-11-11 03:41:02,492 INFO  [Log] Loading Property File 
2018-11-11 03:41:02,530 INFO  [Log] Opening Browser 
2018-11-11 03:41:13,195 INFO  [Log] Setting Implicit Wait=10 
2018-11-11 03:41:13,207 INFO  [Log] $$$$$$$$$$$$$$$$$$$$$              Verify whether user is able to login with Valid Username and Password     $$$$$$$$$$$$$$$$$$$$$$$$$ 
2018-11-11 03:41:16,664 INFO  [Log] Closing Browser 
2018-11-11 03:41:19,128 INFO  [Log] XXXXXXXXXXXXXXXXXXXXXXX            -E---N---D-           XXXXXXXXXXXXXXXXXXXXXX 
2018-11-11 03:43:35,714 INFO  [Log] Loading Property File 
2018-11-11 03:43:35,746 INFO  [Log] Loading Property File 
2018-11-11 03:43:35,778 INFO  [Log] Loading Property File 
2018-11-11 03:43:35,795 INFO  [Log] Loading Property File 
2018-11-11 03:43:35,815 INFO  [Log] Loading Property File 
2018-11-11 03:43:35,832 INFO  [Log] Loading Property File 
2018-11-11 03:43:35,856 INFO  [Log] Opening Browser 
2018-11-11 03:43:46,219 INFO  [Log] Setting Implicit Wait=10 
2018-11-11 03:43:46,234 INFO  [Log] $$$$$$$$$$$$$$$$$$$$$              Verify whether user is able to login with Valid Username and Password     $$$$$$$$$$$$$$$$$$$$$$$$$ 
2018-11-11 03:43:50,192 INFO  [Log] Closing Browser 
2018-11-11 03:43:50,847 INFO  [Log] XXXXXXXXXXXXXXXXXXXXXXX            -E---N---D-           XXXXXXXXXXXXXXXXXXXXXX 
2018-11-11 03:47:02,201 INFO  [Log] Loading Property File 
2018-11-11 03:47:02,232 INFO  [Log] Loading Property File 
2018-11-11 03:47:02,247 INFO  [Log] Loading Property File 
2018-11-11 03:47:02,261 INFO  [Log] Loading Property File 
2018-11-11 03:47:02,277 INFO  [Log] Loading Property File 
2018-11-11 03:47:02,290 INFO  [Log] Loading Property File 
2018-11-11 03:47:02,319 INFO  [Log] Opening Browser 
2018-11-11 03:47:11,732 INFO  [Log] Setting Implicit Wait=10 
2018-11-11 03:47:11,744 INFO  [Log] $$$$$$$$$$$$$$$$$$$$$              Verify whether user is able to login with Valid Username and Password     $$$$$$$$$$$$$$$$$$$$$$$$$ 
2018-11-11 03:47:15,554 INFO  [Log] Closing Browser 
2018-11-11 03:47:18,042 INFO  [Log] XXXXXXXXXXXXXXXXXXXXXXX            -E---N---D-           XXXXXXXXXXXXXXXXXXXXXX 
2018-11-11 03:51:03,483 INFO  [Log] Loading Property File 
2018-11-11 03:51:03,517 INFO  [Log] Loading Property File 
2018-11-11 03:51:03,546 INFO  [Log] Loading Property File 
2018-11-11 03:51:03,580 INFO  [Log] Loading Property File 
2018-11-11 03:51:03,643 INFO  [Log] Loading Property File 
2018-11-11 03:51:03,672 INFO  [Log] Loading Property File 
2018-11-11 03:51:03,733 INFO  [Log] Opening Browser 
2018-11-11 03:51:17,387 INFO  [Log] Setting Implicit Wait=10 
2018-11-11 03:51:17,421 INFO  [Log] $$$$$$$$$$$$$$$$$$$$$              Verify whether user is able to login with Valid Username and Password     $$$$$$$$$$$$$$$$$$$$$$$$$ 
2018-11-11 03:51:23,193 INFO  [Log] Closing Browser 
2018-11-11 03:51:24,091 INFO  [Log] XXXXXXXXXXXXXXXXXXXXXXX            -E---N---D-           XXXXXXXXXXXXXXXXXXXXXX 
2018-11-11 12:49:09,270 INFO  [Log] Loading Property File 
2018-11-11 12:49:09,319 INFO  [Log] Loading Property File 
2018-11-11 12:49:09,352 INFO  [Log] Loading Property File 
2018-11-11 12:49:09,381 INFO  [Log] Loading Property File 
2018-11-11 12:49:09,412 INFO  [Log] Loading Property File 
2018-11-11 12:49:09,435 INFO  [Log] Loading Property File 
2018-11-11 12:49:09,470 INFO  [Log] Opening Browser 
2018-11-11 12:49:22,045 INFO  [Log] Setting Implicit Wait=10 
2018-11-11 12:49:22,057 INFO  [Log] $$$$$$$$$$$$$$$$$$$$$              Verify whether user is able to login with Valid Username and Password     $$$$$$$$$$$$$$$$$$$$$$$$$ 
2018-11-11 12:49:28,794 INFO  [Log] Closing Browser 
2018-11-11 12:49:29,422 INFO  [Log] XXXXXXXXXXXXXXXXXXXXXXX            -E---N---D-           XXXXXXXXXXXXXXXXXXXXXX 
2018-11-11 14:05:48,540 INFO  [Log] Loading Property File 
2018-11-11 14:05:48,566 INFO  [Log] Loading Property File 
2018-11-11 14:05:48,583 INFO  [Log] Loading Property File 
2018-11-11 14:05:48,596 INFO  [Log] Loading Property File 
2018-11-11 14:05:48,612 INFO  [Log] Loading Property File 
2018-11-11 14:05:48,631 INFO  [Log] Loading Property File 
2018-11-11 14:05:48,653 INFO  [Log] Opening Browser 
2018-11-11 14:05:58,761 INFO  [Log] Setting Implicit Wait=10 
2018-11-11 14:05:58,774 INFO  [Log] $$$$$$$$$$$$$$$$$$$$$              Verify whether user is able to login with Valid Username and Password     $$$$$$$$$$$$$$$$$$$$$$$$$ 
2018-11-11 14:06:04,727 INFO  [Log] Closing Browser 
2018-11-11 14:06:08,184 INFO  [Log] XXXXXXXXXXXXXXXXXXXXXXX            -E---N---D-           XXXXXXXXXXXXXXXXXXXXXX 
